ARM GAS  /tmp/ccqaVzZI.s 			page 1


   1              		.cpu cortex-m0
   2              		.arch armv6s-m
   3              		.fpu softvfp
   4              		.eabi_attribute 20, 1
   5              		.eabi_attribute 21, 1
   6              		.eabi_attribute 23, 3
   7              		.eabi_attribute 24, 1
   8              		.eabi_attribute 25, 1
   9              		.eabi_attribute 26, 1
  10              		.eabi_attribute 30, 1
  11              		.eabi_attribute 34, 0
  12              		.eabi_attribute 18, 4
  13              		.file	"main.c"
  14              		.text
  15              	.Ltext0:
  16              		.cfi_sections	.debug_frame
  17              		.file 1 "Core/Src/main.c"
  18              		.section	.text.MX_GPIO_Init,"ax",%progbits
  19              		.align	1
  20              		.syntax unified
  21              		.code	16
  22              		.thumb_func
  24              	MX_GPIO_Init:
  25              	.LFB47:
   1:Core/Src/main.c **** /* USER CODE BEGIN Header */
   2:Core/Src/main.c **** /**
   3:Core/Src/main.c ****   ******************************************************************************
   4:Core/Src/main.c ****   * @file           : main.c
   5:Core/Src/main.c ****   * @brief          : Main program body
   6:Core/Src/main.c ****   ******************************************************************************
   7:Core/Src/main.c ****   * @attention
   8:Core/Src/main.c ****   *
   9:Core/Src/main.c ****   * Copyright (c) 2026 STMicroelectronics.
  10:Core/Src/main.c ****   * All rights reserved.
  11:Core/Src/main.c ****   *
  12:Core/Src/main.c ****   * This software is licensed under terms that can be found in the LICENSE file
  13:Core/Src/main.c ****   * in the root directory of this software component.
  14:Core/Src/main.c ****   * If no LICENSE file comes with this software, it is provided AS-IS.
  15:Core/Src/main.c ****   *
  16:Core/Src/main.c ****   ******************************************************************************
  17:Core/Src/main.c ****   */
  18:Core/Src/main.c **** /* USER CODE END Header */
  19:Core/Src/main.c **** /* Includes ------------------------------------------------------------------*/
  20:Core/Src/main.c **** #include "main.h"
  21:Core/Src/main.c **** #include "usb_device.h"
  22:Core/Src/main.c **** 
  23:Core/Src/main.c **** /* Private includes ----------------------------------------------------------*/
  24:Core/Src/main.c **** /* USER CODE BEGIN Includes */
  25:Core/Src/main.c **** #include "usbd_cdc_if.h"
  26:Core/Src/main.c **** 
  27:Core/Src/main.c **** #include "MFRC522_STM32.h"
  28:Core/Src/main.c **** /* USER CODE END Includes */
  29:Core/Src/main.c **** 
  30:Core/Src/main.c **** /* Private typedef -----------------------------------------------------------*/
  31:Core/Src/main.c **** /* USER CODE BEGIN PTD */
  32:Core/Src/main.c **** 
  33:Core/Src/main.c **** /* USER CODE END PTD */
ARM GAS  /tmp/ccqaVzZI.s 			page 2


  34:Core/Src/main.c **** 
  35:Core/Src/main.c **** /* Private define ------------------------------------------------------------*/
  36:Core/Src/main.c **** /* USER CODE BEGIN PD */
  37:Core/Src/main.c **** 
  38:Core/Src/main.c **** /* USER CODE END PD */
  39:Core/Src/main.c **** 
  40:Core/Src/main.c **** /* Private macro -------------------------------------------------------------*/
  41:Core/Src/main.c **** /* USER CODE BEGIN PM */
  42:Core/Src/main.c **** 
  43:Core/Src/main.c **** /* USER CODE END PM */
  44:Core/Src/main.c **** 
  45:Core/Src/main.c **** /* Private variables ---------------------------------------------------------*/
  46:Core/Src/main.c **** SPI_HandleTypeDef hspi1;
  47:Core/Src/main.c **** 
  48:Core/Src/main.c **** /* USER CODE BEGIN PV */
  49:Core/Src/main.c **** 
  50:Core/Src/main.c **** /* USER CODE END PV */
  51:Core/Src/main.c **** 
  52:Core/Src/main.c **** /* Private function prototypes -----------------------------------------------*/
  53:Core/Src/main.c **** void SystemClock_Config(void);
  54:Core/Src/main.c **** static void MX_GPIO_Init(void);
  55:Core/Src/main.c **** static void MX_SPI1_Init(void);
  56:Core/Src/main.c **** /* USER CODE BEGIN PFP */
  57:Core/Src/main.c **** 
  58:Core/Src/main.c **** /* USER CODE END PFP */
  59:Core/Src/main.c **** 
  60:Core/Src/main.c **** /* Private user code ---------------------------------------------------------*/
  61:Core/Src/main.c **** /* USER CODE BEGIN 0 */
  62:Core/Src/main.c **** int _write(int fd, unsigned char *buf, int len)
  63:Core/Src/main.c **** {
  64:Core/Src/main.c **** 	if (fd == 1 || fd == 2)
  65:Core/Src/main.c **** 	{
  66:Core/Src/main.c **** 		CDC_Transmit_FS(buf, len);
  67:Core/Src/main.c **** 	}
  68:Core/Src/main.c **** 	return (len);
  69:Core/Src/main.c **** }
  70:Core/Src/main.c **** 
  71:Core/Src/main.c **** uint8_t uid[4];
  72:Core/Src/main.c **** 
  73:Core/Src/main.c **** MFRC522_t rc522 = {&hspi1, SPI1_NSS_GPIO_Port, SPI1_NSS_Pin, RC522_RST_GPIO_Port, RC522_RST_Pin};
  74:Core/Src/main.c **** /* USER CODE END 0 */
  75:Core/Src/main.c **** 
  76:Core/Src/main.c **** /**
  77:Core/Src/main.c ****   * @brief  The application entry point.
  78:Core/Src/main.c ****   * @retval int
  79:Core/Src/main.c ****   */
  80:Core/Src/main.c **** int main(void)
  81:Core/Src/main.c **** {
  82:Core/Src/main.c **** 
  83:Core/Src/main.c ****   /* USER CODE BEGIN 1 */
  84:Core/Src/main.c **** 
  85:Core/Src/main.c ****   /* USER CODE END 1 */
  86:Core/Src/main.c **** 
  87:Core/Src/main.c ****   /* MCU Configuration--------------------------------------------------------*/
  88:Core/Src/main.c **** 
  89:Core/Src/main.c ****   /* Reset of all peripherals, Initializes the Flash interface and the Systick. */
  90:Core/Src/main.c ****   HAL_Init();
ARM GAS  /tmp/ccqaVzZI.s 			page 3


  91:Core/Src/main.c **** 
  92:Core/Src/main.c ****   /* USER CODE BEGIN Init */
  93:Core/Src/main.c **** 
  94:Core/Src/main.c ****   /* USER CODE END Init */
  95:Core/Src/main.c **** 
  96:Core/Src/main.c ****   /* Configure the system clock */
  97:Core/Src/main.c ****   SystemClock_Config();
  98:Core/Src/main.c **** 
  99:Core/Src/main.c ****   /* USER CODE BEGIN SysInit */
 100:Core/Src/main.c **** 
 101:Core/Src/main.c ****   /* USER CODE END SysInit */
 102:Core/Src/main.c **** 
 103:Core/Src/main.c ****   /* Initialize all configured peripherals */
 104:Core/Src/main.c ****   MX_GPIO_Init();
 105:Core/Src/main.c ****   MX_SPI1_Init();
 106:Core/Src/main.c ****   MX_USB_DEVICE_Init();
 107:Core/Src/main.c ****   /* USER CODE BEGIN 2 */
 108:Core/Src/main.c **** 	HAL_GPIO_WritePin(LED_GPIO_Port, LED_Pin, GPIO_PIN_SET);
 109:Core/Src/main.c **** 	HAL_Delay(5000);
 110:Core/Src/main.c **** 	HAL_GPIO_WritePin(LED_GPIO_Port, LED_Pin, GPIO_PIN_RESET);
 111:Core/Src/main.c **** 	USER_LOG("Starting...\n");
 112:Core/Src/main.c **** 	MFRC522_Init(&rc522);
 113:Core/Src/main.c **** 	HAL_Delay(2000);
 114:Core/Src/main.c **** 	
 115:Core/Src/main.c ****   /* USER CODE END 2 */
 116:Core/Src/main.c **** 
 117:Core/Src/main.c ****   /* Infinite loop */
 118:Core/Src/main.c ****   /* USER CODE BEGIN WHILE */
 119:Core/Src/main.c ****   while (1)
 120:Core/Src/main.c ****   {
 121:Core/Src/main.c **** 		if(waitcardDetect(&rc522) == STATUS_OK)
 122:Core/Src/main.c **** 		{
 123:Core/Src/main.c **** 			if (MFRC522_ReadUid(&rc522, uid) == STATUS_OK)
 124:Core/Src/main.c **** 			{
 125:Core/Src/main.c **** 				HAL_GPIO_WritePin(LED_GPIO_Port, LED_Pin, GPIO_PIN_SET);
 126:Core/Src/main.c **** 				USER_LOG("Card Id: %02X %02X %02X %02X\n", uid[0], uid[1], uid[2], uid[3]);
 127:Core/Src/main.c **** 			}
 128:Core/Src/main.c **** 			HAL_GPIO_WritePin(LED_GPIO_Port, LED_Pin, GPIO_PIN_RESET);
 129:Core/Src/main.c **** 			waitcardRemoval(&rc522);
 130:Core/Src/main.c **** 		}
 131:Core/Src/main.c ****     /* USER CODE END WHILE */
 132:Core/Src/main.c **** 
 133:Core/Src/main.c ****     /* USER CODE BEGIN 3 */
 134:Core/Src/main.c ****   }
 135:Core/Src/main.c ****   /* USER CODE END 3 */
 136:Core/Src/main.c **** }
 137:Core/Src/main.c **** 
 138:Core/Src/main.c **** /**
 139:Core/Src/main.c ****   * @brief System Clock Configuration
 140:Core/Src/main.c ****   * @retval None
 141:Core/Src/main.c ****   */
 142:Core/Src/main.c **** void SystemClock_Config(void)
 143:Core/Src/main.c **** {
 144:Core/Src/main.c ****   RCC_OscInitTypeDef RCC_OscInitStruct = {0};
 145:Core/Src/main.c ****   RCC_ClkInitTypeDef RCC_ClkInitStruct = {0};
 146:Core/Src/main.c ****   RCC_PeriphCLKInitTypeDef PeriphClkInit = {0};
 147:Core/Src/main.c **** 
ARM GAS  /tmp/ccqaVzZI.s 			page 4


 148:Core/Src/main.c ****   /** Initializes the RCC Oscillators according to the specified parameters
 149:Core/Src/main.c ****   * in the RCC_OscInitTypeDef structure.
 150:Core/Src/main.c ****   */
 151:Core/Src/main.c ****   RCC_OscInitStruct.OscillatorType = RCC_OSCILLATORTYPE_HSI48|RCC_OSCILLATORTYPE_HSE;
 152:Core/Src/main.c ****   RCC_OscInitStruct.HSEState = RCC_HSE_ON;
 153:Core/Src/main.c ****   RCC_OscInitStruct.HSI48State = RCC_HSI48_ON;
 154:Core/Src/main.c ****   RCC_OscInitStruct.PLL.PLLState = RCC_PLL_ON;
 155:Core/Src/main.c ****   RCC_OscInitStruct.PLL.PLLSource = RCC_PLLSOURCE_HSE;
 156:Core/Src/main.c ****   RCC_OscInitStruct.PLL.PLLMUL = RCC_PLL_MUL6;
 157:Core/Src/main.c ****   RCC_OscInitStruct.PLL.PREDIV = RCC_PREDIV_DIV1;
 158:Core/Src/main.c ****   if (HAL_RCC_OscConfig(&RCC_OscInitStruct) != HAL_OK)
 159:Core/Src/main.c ****   {
 160:Core/Src/main.c ****     Error_Handler();
 161:Core/Src/main.c ****   }
 162:Core/Src/main.c **** 
 163:Core/Src/main.c ****   /** Initializes the CPU, AHB and APB buses clocks
 164:Core/Src/main.c ****   */
 165:Core/Src/main.c ****   RCC_ClkInitStruct.ClockType = RCC_CLOCKTYPE_HCLK|RCC_CLOCKTYPE_SYSCLK
 166:Core/Src/main.c ****                               |RCC_CLOCKTYPE_PCLK1;
 167:Core/Src/main.c ****   RCC_ClkInitStruct.SYSCLKSource = RCC_SYSCLKSOURCE_PLLCLK;
 168:Core/Src/main.c ****   RCC_ClkInitStruct.AHBCLKDivider = RCC_SYSCLK_DIV1;
 169:Core/Src/main.c ****   RCC_ClkInitStruct.APB1CLKDivider = RCC_HCLK_DIV1;
 170:Core/Src/main.c **** 
 171:Core/Src/main.c ****   if (HAL_RCC_ClockConfig(&RCC_ClkInitStruct, FLASH_LATENCY_1) != HAL_OK)
 172:Core/Src/main.c ****   {
 173:Core/Src/main.c ****     Error_Handler();
 174:Core/Src/main.c ****   }
 175:Core/Src/main.c ****   PeriphClkInit.PeriphClockSelection = RCC_PERIPHCLK_USB;
 176:Core/Src/main.c ****   PeriphClkInit.UsbClockSelection = RCC_USBCLKSOURCE_HSI48;
 177:Core/Src/main.c **** 
 178:Core/Src/main.c ****   if (HAL_RCCEx_PeriphCLKConfig(&PeriphClkInit) != HAL_OK)
 179:Core/Src/main.c ****   {
 180:Core/Src/main.c ****     Error_Handler();
 181:Core/Src/main.c ****   }
 182:Core/Src/main.c **** }
 183:Core/Src/main.c **** 
 184:Core/Src/main.c **** /**
 185:Core/Src/main.c ****   * @brief SPI1 Initialization Function
 186:Core/Src/main.c ****   * @param None
 187:Core/Src/main.c ****   * @retval None
 188:Core/Src/main.c ****   */
 189:Core/Src/main.c **** static void MX_SPI1_Init(void)
 190:Core/Src/main.c **** {
 191:Core/Src/main.c **** 
 192:Core/Src/main.c ****   /* USER CODE BEGIN SPI1_Init 0 */
 193:Core/Src/main.c **** 
 194:Core/Src/main.c ****   /* USER CODE END SPI1_Init 0 */
 195:Core/Src/main.c **** 
 196:Core/Src/main.c ****   /* USER CODE BEGIN SPI1_Init 1 */
 197:Core/Src/main.c **** 
 198:Core/Src/main.c ****   /* USER CODE END SPI1_Init 1 */
 199:Core/Src/main.c ****   /* SPI1 parameter configuration*/
 200:Core/Src/main.c ****   hspi1.Instance = SPI1;
 201:Core/Src/main.c ****   hspi1.Init.Mode = SPI_MODE_MASTER;
 202:Core/Src/main.c ****   hspi1.Init.Direction = SPI_DIRECTION_2LINES;
 203:Core/Src/main.c ****   hspi1.Init.DataSize = SPI_DATASIZE_8BIT;
 204:Core/Src/main.c ****   hspi1.Init.CLKPolarity = SPI_POLARITY_LOW;
ARM GAS  /tmp/ccqaVzZI.s 			page 5


 205:Core/Src/main.c ****   hspi1.Init.CLKPhase = SPI_PHASE_1EDGE;
 206:Core/Src/main.c ****   hspi1.Init.NSS = SPI_NSS_SOFT;
 207:Core/Src/main.c ****   hspi1.Init.BaudRatePrescaler = SPI_BAUDRATEPRESCALER_64;
 208:Core/Src/main.c ****   hspi1.Init.FirstBit = SPI_FIRSTBIT_MSB;
 209:Core/Src/main.c ****   hspi1.Init.TIMode = SPI_TIMODE_DISABLE;
 210:Core/Src/main.c ****   hspi1.Init.CRCCalculation = SPI_CRCCALCULATION_DISABLE;
 211:Core/Src/main.c ****   hspi1.Init.CRCPolynomial = 7;
 212:Core/Src/main.c ****   hspi1.Init.CRCLength = SPI_CRC_LENGTH_DATASIZE;
 213:Core/Src/main.c ****   hspi1.Init.NSSPMode = SPI_NSS_PULSE_ENABLE;
 214:Core/Src/main.c ****   if (HAL_SPI_Init(&hspi1) != HAL_OK)
 215:Core/Src/main.c ****   {
 216:Core/Src/main.c ****     Error_Handler();
 217:Core/Src/main.c ****   }
 218:Core/Src/main.c ****   /* USER CODE BEGIN SPI1_Init 2 */
 219:Core/Src/main.c **** 
 220:Core/Src/main.c ****   /* USER CODE END SPI1_Init 2 */
 221:Core/Src/main.c **** 
 222:Core/Src/main.c **** }
 223:Core/Src/main.c **** 
 224:Core/Src/main.c **** /**
 225:Core/Src/main.c ****   * @brief GPIO Initialization Function
 226:Core/Src/main.c ****   * @param None
 227:Core/Src/main.c ****   * @retval None
 228:Core/Src/main.c ****   */
 229:Core/Src/main.c **** static void MX_GPIO_Init(void)
 230:Core/Src/main.c **** {
  26              		.loc 1 230 1 view -0
  27              		.cfi_startproc
  28              		@ args = 0, pretend = 0, frame = 32
  29              		@ frame_needed = 0, uses_anonymous_args = 0
  30 0000 F0B5     		push	{r4, r5, r6, r7, lr}
  31              	.LCFI0:
  32              		.cfi_def_cfa_offset 20
  33              		.cfi_offset 4, -20
  34              		.cfi_offset 5, -16
  35              		.cfi_offset 6, -12
  36              		.cfi_offset 7, -8
  37              		.cfi_offset 14, -4
  38 0002 C646     		mov	lr, r8
  39 0004 00B5     		push	{lr}
  40              	.LCFI1:
  41              		.cfi_def_cfa_offset 24
  42              		.cfi_offset 8, -24
  43 0006 88B0     		sub	sp, sp, #32
  44              	.LCFI2:
  45              		.cfi_def_cfa_offset 56
 231:Core/Src/main.c ****   GPIO_InitTypeDef GPIO_InitStruct = {0};
  46              		.loc 1 231 3 view .LVU1
  47              		.loc 1 231 20 is_stmt 0 view .LVU2
  48 0008 03AC     		add	r4, sp, #12
  49 000a 1422     		movs	r2, #20
  50 000c 0021     		movs	r1, #0
  51 000e 2000     		movs	r0, r4
  52 0010 FFF7FEFF 		bl	memset
  53              	.LVL0:
 232:Core/Src/main.c **** /* USER CODE BEGIN MX_GPIO_Init_1 */
 233:Core/Src/main.c **** /* USER CODE END MX_GPIO_Init_1 */
ARM GAS  /tmp/ccqaVzZI.s 			page 6


 234:Core/Src/main.c **** 
 235:Core/Src/main.c ****   /* GPIO Ports Clock Enable */
 236:Core/Src/main.c ****   __HAL_RCC_GPIOF_CLK_ENABLE();
  54              		.loc 1 236 3 is_stmt 1 view .LVU3
  55              	.LBB4:
  56              		.loc 1 236 3 view .LVU4
  57              		.loc 1 236 3 view .LVU5
  58 0014 204B     		ldr	r3, .L2
  59 0016 5A69     		ldr	r2, [r3, #20]
  60 0018 8021     		movs	r1, #128
  61 001a C903     		lsls	r1, r1, #15
  62 001c 0A43     		orrs	r2, r1
  63 001e 5A61     		str	r2, [r3, #20]
  64              		.loc 1 236 3 view .LVU6
  65 0020 5A69     		ldr	r2, [r3, #20]
  66 0022 0A40     		ands	r2, r1
  67 0024 0092     		str	r2, [sp]
  68              		.loc 1 236 3 view .LVU7
  69 0026 009A     		ldr	r2, [sp]
  70              	.LBE4:
  71              		.loc 1 236 3 view .LVU8
 237:Core/Src/main.c ****   __HAL_RCC_GPIOA_CLK_ENABLE();
  72              		.loc 1 237 3 view .LVU9
  73              	.LBB5:
  74              		.loc 1 237 3 view .LVU10
  75              		.loc 1 237 3 view .LVU11
  76 0028 5A69     		ldr	r2, [r3, #20]
  77 002a 8021     		movs	r1, #128
  78 002c 8902     		lsls	r1, r1, #10
  79 002e 0A43     		orrs	r2, r1
  80 0030 5A61     		str	r2, [r3, #20]
  81              		.loc 1 237 3 view .LVU12
  82 0032 5A69     		ldr	r2, [r3, #20]
  83 0034 0A40     		ands	r2, r1
  84 0036 0192     		str	r2, [sp, #4]
  85              		.loc 1 237 3 view .LVU13
  86 0038 019A     		ldr	r2, [sp, #4]
  87              	.LBE5:
  88              		.loc 1 237 3 view .LVU14
 238:Core/Src/main.c ****   __HAL_RCC_GPIOB_CLK_ENABLE();
  89              		.loc 1 238 3 view .LVU15
  90              	.LBB6:
  91              		.loc 1 238 3 view .LVU16
  92              		.loc 1 238 3 view .LVU17
  93 003a 5A69     		ldr	r2, [r3, #20]
  94 003c 8021     		movs	r1, #128
  95 003e C902     		lsls	r1, r1, #11
  96 0040 0A43     		orrs	r2, r1
  97 0042 5A61     		str	r2, [r3, #20]
  98              		.loc 1 238 3 view .LVU18
  99 0044 5B69     		ldr	r3, [r3, #20]
 100 0046 0B40     		ands	r3, r1
 101 0048 0293     		str	r3, [sp, #8]
 102              		.loc 1 238 3 view .LVU19
 103 004a 029B     		ldr	r3, [sp, #8]
 104              	.LBE6:
 105              		.loc 1 238 3 view .LVU20
ARM GAS  /tmp/ccqaVzZI.s 			page 7


 239:Core/Src/main.c **** 
 240:Core/Src/main.c ****   /*Configure GPIO pin Output Level */
 241:Core/Src/main.c ****   HAL_GPIO_WritePin(GPIOA, LED_Pin|RC522_RST_Pin, GPIO_PIN_RESET);
 106              		.loc 1 241 3 view .LVU21
 107 004c 9023     		movs	r3, #144
 108 004e DB05     		lsls	r3, r3, #23
 109 0050 9846     		mov	r8, r3
 110 0052 0022     		movs	r2, #0
 111 0054 1121     		movs	r1, #17
 112 0056 1800     		movs	r0, r3
 113 0058 FFF7FEFF 		bl	HAL_GPIO_WritePin
 114              	.LVL1:
 242:Core/Src/main.c **** 
 243:Core/Src/main.c ****   /*Configure GPIO pin Output Level */
 244:Core/Src/main.c ****   HAL_GPIO_WritePin(SPI1_NSS_GPIO_Port, SPI1_NSS_Pin, GPIO_PIN_SET);
 115              		.loc 1 244 3 view .LVU22
 116 005c 0F4E     		ldr	r6, .L2+4
 117 005e 0122     		movs	r2, #1
 118 0060 0221     		movs	r1, #2
 119 0062 3000     		movs	r0, r6
 120 0064 FFF7FEFF 		bl	HAL_GPIO_WritePin
 121              	.LVL2:
 245:Core/Src/main.c **** 
 246:Core/Src/main.c ****   /*Configure GPIO pins : LED_Pin RC522_RST_Pin */
 247:Core/Src/main.c ****   GPIO_InitStruct.Pin = LED_Pin|RC522_RST_Pin;
 122              		.loc 1 247 3 view .LVU23
 123              		.loc 1 247 23 is_stmt 0 view .LVU24
 124 0068 1123     		movs	r3, #17
 125 006a 0393     		str	r3, [sp, #12]
 248:Core/Src/main.c ****   GPIO_InitStruct.Mode = GPIO_MODE_OUTPUT_PP;
 126              		.loc 1 248 3 is_stmt 1 view .LVU25
 127              		.loc 1 248 24 is_stmt 0 view .LVU26
 128 006c 0127     		movs	r7, #1
 129 006e 0497     		str	r7, [sp, #16]
 249:Core/Src/main.c ****   GPIO_InitStruct.Pull = GPIO_NOPULL;
 130              		.loc 1 249 3 is_stmt 1 view .LVU27
 131              		.loc 1 249 24 is_stmt 0 view .LVU28
 132 0070 0025     		movs	r5, #0
 133 0072 0595     		str	r5, [sp, #20]
 250:Core/Src/main.c ****   GPIO_InitStruct.Speed = GPIO_SPEED_FREQ_LOW;
 134              		.loc 1 250 3 is_stmt 1 view .LVU29
 135              		.loc 1 250 25 is_stmt 0 view .LVU30
 136 0074 0695     		str	r5, [sp, #24]
 251:Core/Src/main.c ****   HAL_GPIO_Init(GPIOA, &GPIO_InitStruct);
 137              		.loc 1 251 3 is_stmt 1 view .LVU31
 138 0076 2100     		movs	r1, r4
 139 0078 4046     		mov	r0, r8
 140 007a FFF7FEFF 		bl	HAL_GPIO_Init
 141              	.LVL3:
 252:Core/Src/main.c **** 
 253:Core/Src/main.c ****   /*Configure GPIO pin : SPI1_NSS_Pin */
 254:Core/Src/main.c ****   GPIO_InitStruct.Pin = SPI1_NSS_Pin;
 142              		.loc 1 254 3 view .LVU32
 143              		.loc 1 254 23 is_stmt 0 view .LVU33
 144 007e 0223     		movs	r3, #2
 145 0080 0393     		str	r3, [sp, #12]
 255:Core/Src/main.c ****   GPIO_InitStruct.Mode = GPIO_MODE_OUTPUT_PP;
ARM GAS  /tmp/ccqaVzZI.s 			page 8


 146              		.loc 1 255 3 is_stmt 1 view .LVU34
 147              		.loc 1 255 24 is_stmt 0 view .LVU35
 148 0082 0497     		str	r7, [sp, #16]
 256:Core/Src/main.c ****   GPIO_InitStruct.Pull = GPIO_NOPULL;
 149              		.loc 1 256 3 is_stmt 1 view .LVU36
 150              		.loc 1 256 24 is_stmt 0 view .LVU37
 151 0084 0595     		str	r5, [sp, #20]
 257:Core/Src/main.c ****   GPIO_InitStruct.Speed = GPIO_SPEED_FREQ_LOW;
 152              		.loc 1 257 3 is_stmt 1 view .LVU38
 153              		.loc 1 257 25 is_stmt 0 view .LVU39
 154 0086 0695     		str	r5, [sp, #24]
 258:Core/Src/main.c ****   HAL_GPIO_Init(SPI1_NSS_GPIO_Port, &GPIO_InitStruct);
 155              		.loc 1 258 3 is_stmt 1 view .LVU40
 156 0088 2100     		movs	r1, r4
 157 008a 3000     		movs	r0, r6
 158 008c FFF7FEFF 		bl	HAL_GPIO_Init
 159              	.LVL4:
 259:Core/Src/main.c **** 
 260:Core/Src/main.c **** /* USER CODE BEGIN MX_GPIO_Init_2 */
 261:Core/Src/main.c **** /* USER CODE END MX_GPIO_Init_2 */
 262:Core/Src/main.c **** }
 160              		.loc 1 262 1 is_stmt 0 view .LVU41
 161 0090 08B0     		add	sp, sp, #32
 162              		@ sp needed
 163 0092 80BC     		pop	{r7}
 164 0094 B846     		mov	r8, r7
 165 0096 F0BD     		pop	{r4, r5, r6, r7, pc}
 166              	.L3:
 167              		.align	2
 168              	.L2:
 169 0098 00100240 		.word	1073876992
 170 009c 00040048 		.word	1207960576
 171              		.cfi_endproc
 172              	.LFE47:
 174              		.section	.text._write,"ax",%progbits
 175              		.align	1
 176              		.global	_write
 177              		.syntax unified
 178              		.code	16
 179              		.thumb_func
 181              	_write:
 182              	.LVL5:
 183              	.LFB43:
  63:Core/Src/main.c **** 	if (fd == 1 || fd == 2)
 184              		.loc 1 63 1 is_stmt 1 view -0
 185              		.cfi_startproc
 186              		@ args = 0, pretend = 0, frame = 0
 187              		@ frame_needed = 0, uses_anonymous_args = 0
  63:Core/Src/main.c **** 	if (fd == 1 || fd == 2)
 188              		.loc 1 63 1 is_stmt 0 view .LVU43
 189 0000 10B5     		push	{r4, lr}
 190              	.LCFI3:
 191              		.cfi_def_cfa_offset 8
 192              		.cfi_offset 4, -8
 193              		.cfi_offset 14, -4
 194 0002 0B00     		movs	r3, r1
 195 0004 1400     		movs	r4, r2
ARM GAS  /tmp/ccqaVzZI.s 			page 9


  64:Core/Src/main.c **** 	{
 196              		.loc 1 64 2 is_stmt 1 view .LVU44
  64:Core/Src/main.c **** 	{
 197              		.loc 1 64 14 is_stmt 0 view .LVU45
 198 0006 0138     		subs	r0, r0, #1
 199              	.LVL6:
  64:Core/Src/main.c **** 	{
 200              		.loc 1 64 5 view .LVU46
 201 0008 0128     		cmp	r0, #1
 202 000a 01D9     		bls	.L6
 203              	.LVL7:
 204              	.L5:
  68:Core/Src/main.c **** }
 205              		.loc 1 68 2 is_stmt 1 view .LVU47
  69:Core/Src/main.c **** 
 206              		.loc 1 69 1 is_stmt 0 view .LVU48
 207 000c 2000     		movs	r0, r4
 208              		@ sp needed
 209              	.LVL8:
  69:Core/Src/main.c **** 
 210              		.loc 1 69 1 view .LVU49
 211 000e 10BD     		pop	{r4, pc}
 212              	.LVL9:
 213              	.L6:
  66:Core/Src/main.c **** 	}
 214              		.loc 1 66 3 is_stmt 1 view .LVU50
 215 0010 91B2     		uxth	r1, r2
 216              	.LVL10:
  66:Core/Src/main.c **** 	}
 217              		.loc 1 66 3 is_stmt 0 view .LVU51
 218 0012 1800     		movs	r0, r3
 219 0014 FFF7FEFF 		bl	CDC_Transmit_FS
 220              	.LVL11:
  66:Core/Src/main.c **** 	}
 221              		.loc 1 66 3 view .LVU52
 222 0018 F8E7     		b	.L5
 223              		.cfi_endproc
 224              	.LFE43:
 226              		.section	.text.Error_Handler,"ax",%progbits
 227              		.align	1
 228              		.global	Error_Handler
 229              		.syntax unified
 230              		.code	16
 231              		.thumb_func
 233              	Error_Handler:
 234              	.LFB48:
 263:Core/Src/main.c **** 
 264:Core/Src/main.c **** /* USER CODE BEGIN 4 */
 265:Core/Src/main.c **** 
 266:Core/Src/main.c **** /* USER CODE END 4 */
 267:Core/Src/main.c **** 
 268:Core/Src/main.c **** /**
 269:Core/Src/main.c ****   * @brief  This function is executed in case of error occurrence.
 270:Core/Src/main.c ****   * @retval None
 271:Core/Src/main.c ****   */
 272:Core/Src/main.c **** void Error_Handler(void)
 273:Core/Src/main.c **** {
ARM GAS  /tmp/ccqaVzZI.s 			page 10


 235              		.loc 1 273 1 is_stmt 1 view -0
 236              		.cfi_startproc
 237              		@ Volatile: function does not return.
 238              		@ args = 0, pretend = 0, frame = 0
 239              		@ frame_needed = 0, uses_anonymous_args = 0
 240              		@ link register save eliminated.
 274:Core/Src/main.c ****   /* USER CODE BEGIN Error_Handler_Debug */
 275:Core/Src/main.c ****   /* User can add his own implementation to report the HAL error return state */
 276:Core/Src/main.c ****   __disable_irq();
 241              		.loc 1 276 3 view .LVU54
 242              	.LBB7:
 243              	.LBI7:
 244              		.file 2 "Drivers/CMSIS/Include/cmsis_gcc.h"
   1:Drivers/CMSIS/Include/cmsis_gcc.h **** /**************************************************************************//**
   2:Drivers/CMSIS/Include/cmsis_gcc.h ****  * @file     cmsis_gcc.h
   3:Drivers/CMSIS/Include/cmsis_gcc.h ****  * @brief    CMSIS compiler GCC header file
   4:Drivers/CMSIS/Include/cmsis_gcc.h ****  * @version  V5.0.4
   5:Drivers/CMSIS/Include/cmsis_gcc.h ****  * @date     09. April 2018
   6:Drivers/CMSIS/Include/cmsis_gcc.h ****  ******************************************************************************/
   7:Drivers/CMSIS/Include/cmsis_gcc.h **** /*
   8:Drivers/CMSIS/Include/cmsis_gcc.h ****  * Copyright (c) 2009-2018 Arm Limited. All rights reserved.
   9:Drivers/CMSIS/Include/cmsis_gcc.h ****  *
  10:Drivers/CMSIS/Include/cmsis_gcc.h ****  * SPDX-License-Identifier: Apache-2.0
  11:Drivers/CMSIS/Include/cmsis_gcc.h ****  *
  12:Drivers/CMSIS/Include/cmsis_gcc.h ****  * Licensed under the Apache License, Version 2.0 (the License); you may
  13:Drivers/CMSIS/Include/cmsis_gcc.h ****  * not use this file except in compliance with the License.
  14:Drivers/CMSIS/Include/cmsis_gcc.h ****  * You may obtain a copy of the License at
  15:Drivers/CMSIS/Include/cmsis_gcc.h ****  *
  16:Drivers/CMSIS/Include/cmsis_gcc.h ****  * www.apache.org/licenses/LICENSE-2.0
  17:Drivers/CMSIS/Include/cmsis_gcc.h ****  *
  18:Drivers/CMSIS/Include/cmsis_gcc.h ****  * Unless required by applicable law or agreed to in writing, software
  19:Drivers/CMSIS/Include/cmsis_gcc.h ****  * distributed under the License is distributed on an AS IS BASIS, WITHOUT
  20:Drivers/CMSIS/Include/cmsis_gcc.h ****  * WARRANTIES OR CONDITIONS OF ANY KIND, either express or implied.
  21:Drivers/CMSIS/Include/cmsis_gcc.h ****  * See the License for the specific language governing permissions and
  22:Drivers/CMSIS/Include/cmsis_gcc.h ****  * limitations under the License.
  23:Drivers/CMSIS/Include/cmsis_gcc.h ****  */
  24:Drivers/CMSIS/Include/cmsis_gcc.h **** 
  25:Drivers/CMSIS/Include/cmsis_gcc.h **** #ifndef __CMSIS_GCC_H
  26:Drivers/CMSIS/Include/cmsis_gcc.h **** #define __CMSIS_GCC_H
  27:Drivers/CMSIS/Include/cmsis_gcc.h **** 
  28:Drivers/CMSIS/Include/cmsis_gcc.h **** /* ignore some GCC warnings */
  29:Drivers/CMSIS/Include/cmsis_gcc.h **** #pragma GCC diagnostic push
  30:Drivers/CMSIS/Include/cmsis_gcc.h **** #pragma GCC diagnostic ignored "-Wsign-conversion"
  31:Drivers/CMSIS/Include/cmsis_gcc.h **** #pragma GCC diagnostic ignored "-Wconversion"
  32:Drivers/CMSIS/Include/cmsis_gcc.h **** #pragma GCC diagnostic ignored "-Wunused-parameter"
  33:Drivers/CMSIS/Include/cmsis_gcc.h **** 
  34:Drivers/CMSIS/Include/cmsis_gcc.h **** /* Fallback for __has_builtin */
  35:Drivers/CMSIS/Include/cmsis_gcc.h **** #ifndef __has_builtin
  36:Drivers/CMSIS/Include/cmsis_gcc.h ****   #define __has_builtin(x) (0)
  37:Drivers/CMSIS/Include/cmsis_gcc.h **** #endif
  38:Drivers/CMSIS/Include/cmsis_gcc.h **** 
  39:Drivers/CMSIS/Include/cmsis_gcc.h **** /* CMSIS compiler specific defines */
  40:Drivers/CMSIS/Include/cmsis_gcc.h **** #ifndef   __ASM
  41:Drivers/CMSIS/Include/cmsis_gcc.h ****   #define __ASM                                  __asm
  42:Drivers/CMSIS/Include/cmsis_gcc.h **** #endif
  43:Drivers/CMSIS/Include/cmsis_gcc.h **** #ifndef   __INLINE
  44:Drivers/CMSIS/Include/cmsis_gcc.h ****   #define __INLINE                               inline
ARM GAS  /tmp/ccqaVzZI.s 			page 11


  45:Drivers/CMSIS/Include/cmsis_gcc.h **** #endif
  46:Drivers/CMSIS/Include/cmsis_gcc.h **** #ifndef   __STATIC_INLINE
  47:Drivers/CMSIS/Include/cmsis_gcc.h ****   #define __STATIC_INLINE                        static inline
  48:Drivers/CMSIS/Include/cmsis_gcc.h **** #endif
  49:Drivers/CMSIS/Include/cmsis_gcc.h **** #ifndef   __STATIC_FORCEINLINE                 
  50:Drivers/CMSIS/Include/cmsis_gcc.h ****   #define __STATIC_FORCEINLINE                   __attribute__((always_inline)) static inline
  51:Drivers/CMSIS/Include/cmsis_gcc.h **** #endif                                           
  52:Drivers/CMSIS/Include/cmsis_gcc.h **** #ifndef   __NO_RETURN
  53:Drivers/CMSIS/Include/cmsis_gcc.h ****   #define __NO_RETURN                            __attribute__((__noreturn__))
  54:Drivers/CMSIS/Include/cmsis_gcc.h **** #endif
  55:Drivers/CMSIS/Include/cmsis_gcc.h **** #ifndef   __USED
  56:Drivers/CMSIS/Include/cmsis_gcc.h ****   #define __USED                                 __attribute__((used))
  57:Drivers/CMSIS/Include/cmsis_gcc.h **** #endif
  58:Drivers/CMSIS/Include/cmsis_gcc.h **** #ifndef   __WEAK
  59:Drivers/CMSIS/Include/cmsis_gcc.h ****   #define __WEAK                                 __attribute__((weak))
  60:Drivers/CMSIS/Include/cmsis_gcc.h **** #endif
  61:Drivers/CMSIS/Include/cmsis_gcc.h **** #ifndef   __PACKED
  62:Drivers/CMSIS/Include/cmsis_gcc.h ****   #define __PACKED                               __attribute__((packed, aligned(1)))
  63:Drivers/CMSIS/Include/cmsis_gcc.h **** #endif
  64:Drivers/CMSIS/Include/cmsis_gcc.h **** #ifndef   __PACKED_STRUCT
  65:Drivers/CMSIS/Include/cmsis_gcc.h ****   #define __PACKED_STRUCT                        struct __attribute__((packed, aligned(1)))
  66:Drivers/CMSIS/Include/cmsis_gcc.h **** #endif
  67:Drivers/CMSIS/Include/cmsis_gcc.h **** #ifndef   __PACKED_UNION
  68:Drivers/CMSIS/Include/cmsis_gcc.h ****   #define __PACKED_UNION                         union __attribute__((packed, aligned(1)))
  69:Drivers/CMSIS/Include/cmsis_gcc.h **** #endif
  70:Drivers/CMSIS/Include/cmsis_gcc.h **** #ifndef   __UNALIGNED_UINT32        /* deprecated */
  71:Drivers/CMSIS/Include/cmsis_gcc.h ****   #pragma GCC diagnostic push
  72:Drivers/CMSIS/Include/cmsis_gcc.h ****   #pragma GCC diagnostic ignored "-Wpacked"
  73:Drivers/CMSIS/Include/cmsis_gcc.h ****   #pragma GCC diagnostic ignored "-Wattributes"
  74:Drivers/CMSIS/Include/cmsis_gcc.h ****   struct __attribute__((packed)) T_UINT32 { uint32_t v; };
  75:Drivers/CMSIS/Include/cmsis_gcc.h ****   #pragma GCC diagnostic pop
  76:Drivers/CMSIS/Include/cmsis_gcc.h ****   #define __UNALIGNED_UINT32(x)                  (((struct T_UINT32 *)(x))->v)
  77:Drivers/CMSIS/Include/cmsis_gcc.h **** #endif
  78:Drivers/CMSIS/Include/cmsis_gcc.h **** #ifndef   __UNALIGNED_UINT16_WRITE
  79:Drivers/CMSIS/Include/cmsis_gcc.h ****   #pragma GCC diagnostic push
  80:Drivers/CMSIS/Include/cmsis_gcc.h ****   #pragma GCC diagnostic ignored "-Wpacked"
  81:Drivers/CMSIS/Include/cmsis_gcc.h ****   #pragma GCC diagnostic ignored "-Wattributes"
  82:Drivers/CMSIS/Include/cmsis_gcc.h ****   __PACKED_STRUCT T_UINT16_WRITE { uint16_t v; };
  83:Drivers/CMSIS/Include/cmsis_gcc.h ****   #pragma GCC diagnostic pop
  84:Drivers/CMSIS/Include/cmsis_gcc.h ****   #define __UNALIGNED_UINT16_WRITE(addr, val)    (void)((((struct T_UINT16_WRITE *)(void *)(addr))-
  85:Drivers/CMSIS/Include/cmsis_gcc.h **** #endif
  86:Drivers/CMSIS/Include/cmsis_gcc.h **** #ifndef   __UNALIGNED_UINT16_READ
  87:Drivers/CMSIS/Include/cmsis_gcc.h ****   #pragma GCC diagnostic push
  88:Drivers/CMSIS/Include/cmsis_gcc.h ****   #pragma GCC diagnostic ignored "-Wpacked"
  89:Drivers/CMSIS/Include/cmsis_gcc.h ****   #pragma GCC diagnostic ignored "-Wattributes"
  90:Drivers/CMSIS/Include/cmsis_gcc.h ****   __PACKED_STRUCT T_UINT16_READ { uint16_t v; };
  91:Drivers/CMSIS/Include/cmsis_gcc.h ****   #pragma GCC diagnostic pop
  92:Drivers/CMSIS/Include/cmsis_gcc.h ****   #define __UNALIGNED_UINT16_READ(addr)          (((const struct T_UINT16_READ *)(const void *)(add
  93:Drivers/CMSIS/Include/cmsis_gcc.h **** #endif
  94:Drivers/CMSIS/Include/cmsis_gcc.h **** #ifndef   __UNALIGNED_UINT32_WRITE
  95:Drivers/CMSIS/Include/cmsis_gcc.h ****   #pragma GCC diagnostic push
  96:Drivers/CMSIS/Include/cmsis_gcc.h ****   #pragma GCC diagnostic ignored "-Wpacked"
  97:Drivers/CMSIS/Include/cmsis_gcc.h ****   #pragma GCC diagnostic ignored "-Wattributes"
  98:Drivers/CMSIS/Include/cmsis_gcc.h ****   __PACKED_STRUCT T_UINT32_WRITE { uint32_t v; };
  99:Drivers/CMSIS/Include/cmsis_gcc.h ****   #pragma GCC diagnostic pop
 100:Drivers/CMSIS/Include/cmsis_gcc.h ****   #define __UNALIGNED_UINT32_WRITE(addr, val)    (void)((((struct T_UINT32_WRITE *)(void *)(addr))-
 101:Drivers/CMSIS/Include/cmsis_gcc.h **** #endif
ARM GAS  /tmp/ccqaVzZI.s 			page 12


 102:Drivers/CMSIS/Include/cmsis_gcc.h **** #ifndef   __UNALIGNED_UINT32_READ
 103:Drivers/CMSIS/Include/cmsis_gcc.h ****   #pragma GCC diagnostic push
 104:Drivers/CMSIS/Include/cmsis_gcc.h ****   #pragma GCC diagnostic ignored "-Wpacked"
 105:Drivers/CMSIS/Include/cmsis_gcc.h ****   #pragma GCC diagnostic ignored "-Wattributes"
 106:Drivers/CMSIS/Include/cmsis_gcc.h ****   __PACKED_STRUCT T_UINT32_READ { uint32_t v; };
 107:Drivers/CMSIS/Include/cmsis_gcc.h ****   #pragma GCC diagnostic pop
 108:Drivers/CMSIS/Include/cmsis_gcc.h ****   #define __UNALIGNED_UINT32_READ(addr)          (((const struct T_UINT32_READ *)(const void *)(add
 109:Drivers/CMSIS/Include/cmsis_gcc.h **** #endif
 110:Drivers/CMSIS/Include/cmsis_gcc.h **** #ifndef   __ALIGNED
 111:Drivers/CMSIS/Include/cmsis_gcc.h ****   #define __ALIGNED(x)                           __attribute__((aligned(x)))
 112:Drivers/CMSIS/Include/cmsis_gcc.h **** #endif
 113:Drivers/CMSIS/Include/cmsis_gcc.h **** #ifndef   __RESTRICT
 114:Drivers/CMSIS/Include/cmsis_gcc.h ****   #define __RESTRICT                             __restrict
 115:Drivers/CMSIS/Include/cmsis_gcc.h **** #endif
 116:Drivers/CMSIS/Include/cmsis_gcc.h **** 
 117:Drivers/CMSIS/Include/cmsis_gcc.h **** 
 118:Drivers/CMSIS/Include/cmsis_gcc.h **** /* ###########################  Core Function Access  ########################### */
 119:Drivers/CMSIS/Include/cmsis_gcc.h **** /** \ingroup  CMSIS_Core_FunctionInterface
 120:Drivers/CMSIS/Include/cmsis_gcc.h ****     \defgroup CMSIS_Core_RegAccFunctions CMSIS Core Register Access Functions
 121:Drivers/CMSIS/Include/cmsis_gcc.h ****   @{
 122:Drivers/CMSIS/Include/cmsis_gcc.h ****  */
 123:Drivers/CMSIS/Include/cmsis_gcc.h **** 
 124:Drivers/CMSIS/Include/cmsis_gcc.h **** /**
 125:Drivers/CMSIS/Include/cmsis_gcc.h ****   \brief   Enable IRQ Interrupts
 126:Drivers/CMSIS/Include/cmsis_gcc.h ****   \details Enables IRQ interrupts by clearing the I-bit in the CPSR.
 127:Drivers/CMSIS/Include/cmsis_gcc.h ****            Can only be executed in Privileged modes.
 128:Drivers/CMSIS/Include/cmsis_gcc.h ****  */
 129:Drivers/CMSIS/Include/cmsis_gcc.h **** __STATIC_FORCEINLINE void __enable_irq(void)
 130:Drivers/CMSIS/Include/cmsis_gcc.h **** {
 131:Drivers/CMSIS/Include/cmsis_gcc.h ****   __ASM volatile ("cpsie i" : : : "memory");
 132:Drivers/CMSIS/Include/cmsis_gcc.h **** }
 133:Drivers/CMSIS/Include/cmsis_gcc.h **** 
 134:Drivers/CMSIS/Include/cmsis_gcc.h **** 
 135:Drivers/CMSIS/Include/cmsis_gcc.h **** /**
 136:Drivers/CMSIS/Include/cmsis_gcc.h ****   \brief   Disable IRQ Interrupts
 137:Drivers/CMSIS/Include/cmsis_gcc.h ****   \details Disables IRQ interrupts by setting the I-bit in the CPSR.
 138:Drivers/CMSIS/Include/cmsis_gcc.h ****            Can only be executed in Privileged modes.
 139:Drivers/CMSIS/Include/cmsis_gcc.h ****  */
 140:Drivers/CMSIS/Include/cmsis_gcc.h **** __STATIC_FORCEINLINE void __disable_irq(void)
 245              		.loc 2 140 27 view .LVU55
 246              	.LBB8:
 141:Drivers/CMSIS/Include/cmsis_gcc.h **** {
 142:Drivers/CMSIS/Include/cmsis_gcc.h ****   __ASM volatile ("cpsid i" : : : "memory");
 247              		.loc 2 142 3 view .LVU56
 248              		.syntax divided
 249              	@ 142 "Drivers/CMSIS/Include/cmsis_gcc.h" 1
 250 0000 72B6     		cpsid i
 251              	@ 0 "" 2
 252              		.thumb
 253              		.syntax unified
 254              	.L8:
 255              	.LBE8:
 256              	.LBE7:
 277:Core/Src/main.c ****   while (1)
 257              		.loc 1 277 3 view .LVU57
 278:Core/Src/main.c ****   {
 279:Core/Src/main.c ****   }
ARM GAS  /tmp/ccqaVzZI.s 			page 13


 258              		.loc 1 279 3 view .LVU58
 277:Core/Src/main.c ****   while (1)
 259              		.loc 1 277 9 view .LVU59
 260 0002 FEE7     		b	.L8
 261              		.cfi_endproc
 262              	.LFE48:
 264              		.section	.text.MX_SPI1_Init,"ax",%progbits
 265              		.align	1
 266              		.syntax unified
 267              		.code	16
 268              		.thumb_func
 270              	MX_SPI1_Init:
 271              	.LFB46:
 190:Core/Src/main.c **** 
 272              		.loc 1 190 1 view -0
 273              		.cfi_startproc
 274              		@ args = 0, pretend = 0, frame = 0
 275              		@ frame_needed = 0, uses_anonymous_args = 0
 276 0000 10B5     		push	{r4, lr}
 277              	.LCFI4:
 278              		.cfi_def_cfa_offset 8
 279              		.cfi_offset 4, -8
 280              		.cfi_offset 14, -4
 200:Core/Src/main.c ****   hspi1.Init.Mode = SPI_MODE_MASTER;
 281              		.loc 1 200 3 view .LVU61
 200:Core/Src/main.c ****   hspi1.Init.Mode = SPI_MODE_MASTER;
 282              		.loc 1 200 18 is_stmt 0 view .LVU62
 283 0002 1148     		ldr	r0, .L12
 284 0004 114B     		ldr	r3, .L12+4
 285 0006 0360     		str	r3, [r0]
 201:Core/Src/main.c ****   hspi1.Init.Direction = SPI_DIRECTION_2LINES;
 286              		.loc 1 201 3 is_stmt 1 view .LVU63
 201:Core/Src/main.c ****   hspi1.Init.Direction = SPI_DIRECTION_2LINES;
 287              		.loc 1 201 19 is_stmt 0 view .LVU64
 288 0008 8223     		movs	r3, #130
 289 000a 5B00     		lsls	r3, r3, #1
 290 000c 4360     		str	r3, [r0, #4]
 202:Core/Src/main.c ****   hspi1.Init.DataSize = SPI_DATASIZE_8BIT;
 291              		.loc 1 202 3 is_stmt 1 view .LVU65
 202:Core/Src/main.c ****   hspi1.Init.DataSize = SPI_DATASIZE_8BIT;
 292              		.loc 1 202 24 is_stmt 0 view .LVU66
 293 000e 0023     		movs	r3, #0
 294 0010 8360     		str	r3, [r0, #8]
 203:Core/Src/main.c ****   hspi1.Init.CLKPolarity = SPI_POLARITY_LOW;
 295              		.loc 1 203 3 is_stmt 1 view .LVU67
 203:Core/Src/main.c ****   hspi1.Init.CLKPolarity = SPI_POLARITY_LOW;
 296              		.loc 1 203 23 is_stmt 0 view .LVU68
 297 0012 E022     		movs	r2, #224
 298 0014 D200     		lsls	r2, r2, #3
 299 0016 C260     		str	r2, [r0, #12]
 204:Core/Src/main.c ****   hspi1.Init.CLKPhase = SPI_PHASE_1EDGE;
 300              		.loc 1 204 3 is_stmt 1 view .LVU69
 204:Core/Src/main.c ****   hspi1.Init.CLKPhase = SPI_PHASE_1EDGE;
 301              		.loc 1 204 26 is_stmt 0 view .LVU70
 302 0018 0361     		str	r3, [r0, #16]
 205:Core/Src/main.c ****   hspi1.Init.NSS = SPI_NSS_SOFT;
 303              		.loc 1 205 3 is_stmt 1 view .LVU71
ARM GAS  /tmp/ccqaVzZI.s 			page 14


 205:Core/Src/main.c ****   hspi1.Init.NSS = SPI_NSS_SOFT;
 304              		.loc 1 205 23 is_stmt 0 view .LVU72
 305 001a 4361     		str	r3, [r0, #20]
 206:Core/Src/main.c ****   hspi1.Init.BaudRatePrescaler = SPI_BAUDRATEPRESCALER_64;
 306              		.loc 1 206 3 is_stmt 1 view .LVU73
 206:Core/Src/main.c ****   hspi1.Init.BaudRatePrescaler = SPI_BAUDRATEPRESCALER_64;
 307              		.loc 1 206 18 is_stmt 0 view .LVU74
 308 001c 8022     		movs	r2, #128
 309 001e 9200     		lsls	r2, r2, #2
 310 0020 8261     		str	r2, [r0, #24]
 207:Core/Src/main.c ****   hspi1.Init.FirstBit = SPI_FIRSTBIT_MSB;
 311              		.loc 1 207 3 is_stmt 1 view .LVU75
 207:Core/Src/main.c ****   hspi1.Init.FirstBit = SPI_FIRSTBIT_MSB;
 312              		.loc 1 207 32 is_stmt 0 view .LVU76
 313 0022 D93A     		subs	r2, r2, #217
 314 0024 FF3A     		subs	r2, r2, #255
 315 0026 C261     		str	r2, [r0, #28]
 208:Core/Src/main.c ****   hspi1.Init.TIMode = SPI_TIMODE_DISABLE;
 316              		.loc 1 208 3 is_stmt 1 view .LVU77
 208:Core/Src/main.c ****   hspi1.Init.TIMode = SPI_TIMODE_DISABLE;
 317              		.loc 1 208 23 is_stmt 0 view .LVU78
 318 0028 0362     		str	r3, [r0, #32]
 209:Core/Src/main.c ****   hspi1.Init.CRCCalculation = SPI_CRCCALCULATION_DISABLE;
 319              		.loc 1 209 3 is_stmt 1 view .LVU79
 209:Core/Src/main.c ****   hspi1.Init.CRCCalculation = SPI_CRCCALCULATION_DISABLE;
 320              		.loc 1 209 21 is_stmt 0 view .LVU80
 321 002a 4362     		str	r3, [r0, #36]
 210:Core/Src/main.c ****   hspi1.Init.CRCPolynomial = 7;
 322              		.loc 1 210 3 is_stmt 1 view .LVU81
 210:Core/Src/main.c ****   hspi1.Init.CRCPolynomial = 7;
 323              		.loc 1 210 29 is_stmt 0 view .LVU82
 324 002c 8362     		str	r3, [r0, #40]
 211:Core/Src/main.c ****   hspi1.Init.CRCLength = SPI_CRC_LENGTH_DATASIZE;
 325              		.loc 1 211 3 is_stmt 1 view .LVU83
 211:Core/Src/main.c ****   hspi1.Init.CRCLength = SPI_CRC_LENGTH_DATASIZE;
 326              		.loc 1 211 28 is_stmt 0 view .LVU84
 327 002e 213A     		subs	r2, r2, #33
 328 0030 C262     		str	r2, [r0, #44]
 212:Core/Src/main.c ****   hspi1.Init.NSSPMode = SPI_NSS_PULSE_ENABLE;
 329              		.loc 1 212 3 is_stmt 1 view .LVU85
 212:Core/Src/main.c ****   hspi1.Init.NSSPMode = SPI_NSS_PULSE_ENABLE;
 330              		.loc 1 212 24 is_stmt 0 view .LVU86
 331 0032 0363     		str	r3, [r0, #48]
 213:Core/Src/main.c ****   if (HAL_SPI_Init(&hspi1) != HAL_OK)
 332              		.loc 1 213 3 is_stmt 1 view .LVU87
 213:Core/Src/main.c ****   if (HAL_SPI_Init(&hspi1) != HAL_OK)
 333              		.loc 1 213 23 is_stmt 0 view .LVU88
 334 0034 0833     		adds	r3, r3, #8
 335 0036 4363     		str	r3, [r0, #52]
 214:Core/Src/main.c ****   {
 336              		.loc 1 214 3 is_stmt 1 view .LVU89
 214:Core/Src/main.c ****   {
 337              		.loc 1 214 7 is_stmt 0 view .LVU90
 338 0038 FFF7FEFF 		bl	HAL_SPI_Init
 339              	.LVL12:
 214:Core/Src/main.c ****   {
 340              		.loc 1 214 6 discriminator 1 view .LVU91
ARM GAS  /tmp/ccqaVzZI.s 			page 15


 341 003c 0028     		cmp	r0, #0
 342 003e 00D1     		bne	.L11
 222:Core/Src/main.c **** 
 343              		.loc 1 222 1 view .LVU92
 344              		@ sp needed
 345 0040 10BD     		pop	{r4, pc}
 346              	.L11:
 216:Core/Src/main.c ****   }
 347              		.loc 1 216 5 is_stmt 1 view .LVU93
 348 0042 FFF7FEFF 		bl	Error_Handler
 349              	.LVL13:
 350              	.L13:
 351 0046 C046     		.align	2
 352              	.L12:
 353 0048 00000000 		.word	hspi1
 354 004c 00300140 		.word	1073819648
 355              		.cfi_endproc
 356              	.LFE46:
 358              		.section	.text.SystemClock_Config,"ax",%progbits
 359              		.align	1
 360              		.global	SystemClock_Config
 361              		.syntax unified
 362              		.code	16
 363              		.thumb_func
 365              	SystemClock_Config:
 366              	.LFB45:
 143:Core/Src/main.c ****   RCC_OscInitTypeDef RCC_OscInitStruct = {0};
 367              		.loc 1 143 1 view -0
 368              		.cfi_startproc
 369              		@ args = 0, pretend = 0, frame = 96
 370              		@ frame_needed = 0, uses_anonymous_args = 0
 371 0000 10B5     		push	{r4, lr}
 372              	.LCFI5:
 373              		.cfi_def_cfa_offset 8
 374              		.cfi_offset 4, -8
 375              		.cfi_offset 14, -4
 376 0002 98B0     		sub	sp, sp, #96
 377              	.LCFI6:
 378              		.cfi_def_cfa_offset 104
 144:Core/Src/main.c ****   RCC_ClkInitTypeDef RCC_ClkInitStruct = {0};
 379              		.loc 1 144 3 view .LVU95
 144:Core/Src/main.c ****   RCC_ClkInitTypeDef RCC_ClkInitStruct = {0};
 380              		.loc 1 144 22 is_stmt 0 view .LVU96
 381 0004 0BAC     		add	r4, sp, #44
 382 0006 3422     		movs	r2, #52
 383 0008 0021     		movs	r1, #0
 384 000a 2000     		movs	r0, r4
 385 000c FFF7FEFF 		bl	memset
 386              	.LVL14:
 145:Core/Src/main.c ****   RCC_PeriphCLKInitTypeDef PeriphClkInit = {0};
 387              		.loc 1 145 3 is_stmt 1 view .LVU97
 145:Core/Src/main.c ****   RCC_PeriphCLKInitTypeDef PeriphClkInit = {0};
 388              		.loc 1 145 22 is_stmt 0 view .LVU98
 389 0010 1022     		movs	r2, #16
 390 0012 0021     		movs	r1, #0
 391 0014 07A8     		add	r0, sp, #28
 392 0016 FFF7FEFF 		bl	memset
ARM GAS  /tmp/ccqaVzZI.s 			page 16


 393              	.LVL15:
 146:Core/Src/main.c **** 
 394              		.loc 1 146 3 is_stmt 1 view .LVU99
 146:Core/Src/main.c **** 
 395              		.loc 1 146 28 is_stmt 0 view .LVU100
 396 001a 1822     		movs	r2, #24
 397 001c 0021     		movs	r1, #0
 398 001e 01A8     		add	r0, sp, #4
 399 0020 FFF7FEFF 		bl	memset
 400              	.LVL16:
 151:Core/Src/main.c ****   RCC_OscInitStruct.HSEState = RCC_HSE_ON;
 401              		.loc 1 151 3 is_stmt 1 view .LVU101
 151:Core/Src/main.c ****   RCC_OscInitStruct.HSEState = RCC_HSE_ON;
 402              		.loc 1 151 36 is_stmt 0 view .LVU102
 403 0024 2123     		movs	r3, #33
 404 0026 0B93     		str	r3, [sp, #44]
 152:Core/Src/main.c ****   RCC_OscInitStruct.HSI48State = RCC_HSI48_ON;
 405              		.loc 1 152 3 is_stmt 1 view .LVU103
 152:Core/Src/main.c ****   RCC_OscInitStruct.HSI48State = RCC_HSI48_ON;
 406              		.loc 1 152 30 is_stmt 0 view .LVU104
 407 0028 203B     		subs	r3, r3, #32
 408 002a 0C93     		str	r3, [sp, #48]
 153:Core/Src/main.c ****   RCC_OscInitStruct.PLL.PLLState = RCC_PLL_ON;
 409              		.loc 1 153 3 is_stmt 1 view .LVU105
 153:Core/Src/main.c ****   RCC_OscInitStruct.PLL.PLLState = RCC_PLL_ON;
 410              		.loc 1 153 32 is_stmt 0 view .LVU106
 411 002c 1393     		str	r3, [sp, #76]
 154:Core/Src/main.c ****   RCC_OscInitStruct.PLL.PLLSource = RCC_PLLSOURCE_HSE;
 412              		.loc 1 154 3 is_stmt 1 view .LVU107
 154:Core/Src/main.c ****   RCC_OscInitStruct.PLL.PLLSource = RCC_PLLSOURCE_HSE;
 413              		.loc 1 154 34 is_stmt 0 view .LVU108
 414 002e 0133     		adds	r3, r3, #1
 415 0030 1493     		str	r3, [sp, #80]
 155:Core/Src/main.c ****   RCC_OscInitStruct.PLL.PLLMUL = RCC_PLL_MUL6;
 416              		.loc 1 155 3 is_stmt 1 view .LVU109
 155:Core/Src/main.c ****   RCC_OscInitStruct.PLL.PLLMUL = RCC_PLL_MUL6;
 417              		.loc 1 155 35 is_stmt 0 view .LVU110
 418 0032 8023     		movs	r3, #128
 419 0034 5B02     		lsls	r3, r3, #9
 420 0036 1593     		str	r3, [sp, #84]
 156:Core/Src/main.c ****   RCC_OscInitStruct.PLL.PREDIV = RCC_PREDIV_DIV1;
 421              		.loc 1 156 3 is_stmt 1 view .LVU111
 156:Core/Src/main.c ****   RCC_OscInitStruct.PLL.PREDIV = RCC_PREDIV_DIV1;
 422              		.loc 1 156 32 is_stmt 0 view .LVU112
 423 0038 8023     		movs	r3, #128
 424 003a 5B03     		lsls	r3, r3, #13
 425 003c 1693     		str	r3, [sp, #88]
 157:Core/Src/main.c ****   if (HAL_RCC_OscConfig(&RCC_OscInitStruct) != HAL_OK)
 426              		.loc 1 157 3 is_stmt 1 view .LVU113
 158:Core/Src/main.c ****   {
 427              		.loc 1 158 3 view .LVU114
 158:Core/Src/main.c ****   {
 428              		.loc 1 158 7 is_stmt 0 view .LVU115
 429 003e 2000     		movs	r0, r4
 430 0040 FFF7FEFF 		bl	HAL_RCC_OscConfig
 431              	.LVL17:
 158:Core/Src/main.c ****   {
ARM GAS  /tmp/ccqaVzZI.s 			page 17


 432              		.loc 1 158 6 discriminator 1 view .LVU116
 433 0044 0028     		cmp	r0, #0
 434 0046 18D1     		bne	.L18
 165:Core/Src/main.c ****                               |RCC_CLOCKTYPE_PCLK1;
 435              		.loc 1 165 3 is_stmt 1 view .LVU117
 165:Core/Src/main.c ****                               |RCC_CLOCKTYPE_PCLK1;
 436              		.loc 1 165 31 is_stmt 0 view .LVU118
 437 0048 07A8     		add	r0, sp, #28
 438 004a 0723     		movs	r3, #7
 439 004c 0793     		str	r3, [sp, #28]
 167:Core/Src/main.c ****   RCC_ClkInitStruct.AHBCLKDivider = RCC_SYSCLK_DIV1;
 440              		.loc 1 167 3 is_stmt 1 view .LVU119
 167:Core/Src/main.c ****   RCC_ClkInitStruct.AHBCLKDivider = RCC_SYSCLK_DIV1;
 441              		.loc 1 167 34 is_stmt 0 view .LVU120
 442 004e 053B     		subs	r3, r3, #5
 443 0050 4360     		str	r3, [r0, #4]
 168:Core/Src/main.c ****   RCC_ClkInitStruct.APB1CLKDivider = RCC_HCLK_DIV1;
 444              		.loc 1 168 3 is_stmt 1 view .LVU121
 168:Core/Src/main.c ****   RCC_ClkInitStruct.APB1CLKDivider = RCC_HCLK_DIV1;
 445              		.loc 1 168 35 is_stmt 0 view .LVU122
 446 0052 0023     		movs	r3, #0
 447 0054 8360     		str	r3, [r0, #8]
 169:Core/Src/main.c **** 
 448              		.loc 1 169 3 is_stmt 1 view .LVU123
 169:Core/Src/main.c **** 
 449              		.loc 1 169 36 is_stmt 0 view .LVU124
 450 0056 C360     		str	r3, [r0, #12]
 171:Core/Src/main.c ****   {
 451              		.loc 1 171 3 is_stmt 1 view .LVU125
 171:Core/Src/main.c ****   {
 452              		.loc 1 171 7 is_stmt 0 view .LVU126
 453 0058 0121     		movs	r1, #1
 454 005a FFF7FEFF 		bl	HAL_RCC_ClockConfig
 455              	.LVL18:
 171:Core/Src/main.c ****   {
 456              		.loc 1 171 6 discriminator 1 view .LVU127
 457 005e 0028     		cmp	r0, #0
 458 0060 0DD1     		bne	.L19
 175:Core/Src/main.c ****   PeriphClkInit.UsbClockSelection = RCC_USBCLKSOURCE_HSI48;
 459              		.loc 1 175 3 is_stmt 1 view .LVU128
 175:Core/Src/main.c ****   PeriphClkInit.UsbClockSelection = RCC_USBCLKSOURCE_HSI48;
 460              		.loc 1 175 38 is_stmt 0 view .LVU129
 461 0062 01A8     		add	r0, sp, #4
 462 0064 8023     		movs	r3, #128
 463 0066 9B02     		lsls	r3, r3, #10
 464 0068 0193     		str	r3, [sp, #4]
 176:Core/Src/main.c **** 
 465              		.loc 1 176 3 is_stmt 1 view .LVU130
 176:Core/Src/main.c **** 
 466              		.loc 1 176 35 is_stmt 0 view .LVU131
 467 006a 0023     		movs	r3, #0
 468 006c 4361     		str	r3, [r0, #20]
 178:Core/Src/main.c ****   {
 469              		.loc 1 178 3 is_stmt 1 view .LVU132
 178:Core/Src/main.c ****   {
 470              		.loc 1 178 7 is_stmt 0 view .LVU133
 471 006e FFF7FEFF 		bl	HAL_RCCEx_PeriphCLKConfig
ARM GAS  /tmp/ccqaVzZI.s 			page 18


 472              	.LVL19:
 178:Core/Src/main.c ****   {
 473              		.loc 1 178 6 discriminator 1 view .LVU134
 474 0072 0028     		cmp	r0, #0
 475 0074 05D1     		bne	.L20
 182:Core/Src/main.c **** 
 476              		.loc 1 182 1 view .LVU135
 477 0076 18B0     		add	sp, sp, #96
 478              		@ sp needed
 479 0078 10BD     		pop	{r4, pc}
 480              	.L18:
 160:Core/Src/main.c ****   }
 481              		.loc 1 160 5 is_stmt 1 view .LVU136
 482 007a FFF7FEFF 		bl	Error_Handler
 483              	.LVL20:
 484              	.L19:
 173:Core/Src/main.c ****   }
 485              		.loc 1 173 5 view .LVU137
 486 007e FFF7FEFF 		bl	Error_Handler
 487              	.LVL21:
 488              	.L20:
 180:Core/Src/main.c ****   }
 489              		.loc 1 180 5 view .LVU138
 490 0082 FFF7FEFF 		bl	Error_Handler
 491              	.LVL22:
 492              		.cfi_endproc
 493              	.LFE45:
 495              		.section	.rodata.main.str1.4,"aMS",%progbits,1
 496              		.align	2
 497              	.LC1:
 498 0000 5B555345 		.ascii	"[USER] Starting...\012\015\000"
 498      525D2053 
 498      74617274 
 498      696E672E 
 498      2E2E0A0D 
 499 0015 000000   		.align	2
 500              	.LC5:
 501 0018 5B555345 		.ascii	"[USER] Card Id: %02X %02X %02X %02X\012\015\012\000"
 501      525D2043 
 501      61726420 
 501      49643A20 
 501      25303258 
 502              		.section	.text.main,"ax",%progbits
 503              		.align	1
 504              		.global	main
 505              		.syntax unified
 506              		.code	16
 507              		.thumb_func
 509              	main:
 510              	.LFB44:
  81:Core/Src/main.c **** 
 511              		.loc 1 81 1 view -0
 512              		.cfi_startproc
 513              		@ Volatile: function does not return.
 514              		@ args = 0, pretend = 0, frame = 0
 515              		@ frame_needed = 0, uses_anonymous_args = 0
 516 0000 10B5     		push	{r4, lr}
ARM GAS  /tmp/ccqaVzZI.s 			page 19


 517              	.LCFI7:
 518              		.cfi_def_cfa_offset 8
 519              		.cfi_offset 4, -8
 520              		.cfi_offset 14, -4
 521 0002 82B0     		sub	sp, sp, #8
 522              	.LCFI8:
 523              		.cfi_def_cfa_offset 16
  90:Core/Src/main.c **** 
 524              		.loc 1 90 3 view .LVU140
 525 0004 FFF7FEFF 		bl	HAL_Init
 526              	.LVL23:
  97:Core/Src/main.c **** 
 527              		.loc 1 97 3 view .LVU141
 528 0008 FFF7FEFF 		bl	SystemClock_Config
 529              	.LVL24:
 104:Core/Src/main.c ****   MX_SPI1_Init();
 530              		.loc 1 104 3 view .LVU142
 531 000c FFF7FEFF 		bl	MX_GPIO_Init
 532              	.LVL25:
 105:Core/Src/main.c ****   MX_USB_DEVICE_Init();
 533              		.loc 1 105 3 view .LVU143
 534 0010 FFF7FEFF 		bl	MX_SPI1_Init
 535              	.LVL26:
 106:Core/Src/main.c ****   /* USER CODE BEGIN 2 */
 536              		.loc 1 106 3 view .LVU144
 537 0014 FFF7FEFF 		bl	MX_USB_DEVICE_Init
 538              	.LVL27:
 108:Core/Src/main.c **** 	HAL_Delay(5000);
 539              		.loc 1 108 2 view .LVU145
 540 0018 9024     		movs	r4, #144
 541 001a E405     		lsls	r4, r4, #23
 542 001c 0122     		movs	r2, #1
 543 001e 0121     		movs	r1, #1
 544 0020 2000     		movs	r0, r4
 545 0022 FFF7FEFF 		bl	HAL_GPIO_WritePin
 546              	.LVL28:
 109:Core/Src/main.c **** 	HAL_GPIO_WritePin(LED_GPIO_Port, LED_Pin, GPIO_PIN_RESET);
 547              		.loc 1 109 2 view .LVU146
 548 0026 1B48     		ldr	r0, .L25
 549 0028 FFF7FEFF 		bl	HAL_Delay
 550              	.LVL29:
 110:Core/Src/main.c **** 	USER_LOG("Starting...\n");
 551              		.loc 1 110 2 view .LVU147
 552 002c 0022     		movs	r2, #0
 553 002e 0121     		movs	r1, #1
 554 0030 2000     		movs	r0, r4
 555 0032 FFF7FEFF 		bl	HAL_GPIO_WritePin
 556              	.LVL30:
 111:Core/Src/main.c **** 	MFRC522_Init(&rc522);
 557              		.loc 1 111 2 view .LVU148
 558 0036 1848     		ldr	r0, .L25+4
 559 0038 FFF7FEFF 		bl	puts
 560              	.LVL31:
 112:Core/Src/main.c **** 	HAL_Delay(2000);
 561              		.loc 1 112 2 view .LVU149
 562 003c 1748     		ldr	r0, .L25+8
 563 003e FFF7FEFF 		bl	MFRC522_Init
ARM GAS  /tmp/ccqaVzZI.s 			page 20


 564              	.LVL32:
 113:Core/Src/main.c **** 	
 565              		.loc 1 113 2 view .LVU150
 566 0042 FA20     		movs	r0, #250
 567 0044 C000     		lsls	r0, r0, #3
 568 0046 FFF7FEFF 		bl	HAL_Delay
 569              	.LVL33:
 570 004a 08E0     		b	.L22
 571              	.L23:
 128:Core/Src/main.c **** 			waitcardRemoval(&rc522);
 572              		.loc 1 128 4 view .LVU151
 573 004c 9020     		movs	r0, #144
 574 004e 0022     		movs	r2, #0
 575 0050 0121     		movs	r1, #1
 576 0052 C005     		lsls	r0, r0, #23
 577 0054 FFF7FEFF 		bl	HAL_GPIO_WritePin
 578              	.LVL34:
 129:Core/Src/main.c **** 		}
 579              		.loc 1 129 4 view .LVU152
 580 0058 1048     		ldr	r0, .L25+8
 581 005a FFF7FEFF 		bl	waitcardRemoval
 582              	.LVL35:
 583              	.L22:
 119:Core/Src/main.c ****   {
 584              		.loc 1 119 3 view .LVU153
 121:Core/Src/main.c **** 		{
 585              		.loc 1 121 3 view .LVU154
 121:Core/Src/main.c **** 		{
 586              		.loc 1 121 6 is_stmt 0 view .LVU155
 587 005e 0F48     		ldr	r0, .L25+8
 588 0060 FFF7FEFF 		bl	waitcardDetect
 589              	.LVL36:
 121:Core/Src/main.c **** 		{
 590              		.loc 1 121 5 discriminator 1 view .LVU156
 591 0064 0028     		cmp	r0, #0
 592 0066 FAD1     		bne	.L22
 123:Core/Src/main.c **** 			{
 593              		.loc 1 123 4 is_stmt 1 view .LVU157
 123:Core/Src/main.c **** 			{
 594              		.loc 1 123 8 is_stmt 0 view .LVU158
 595 0068 0D49     		ldr	r1, .L25+12
 596 006a 0C48     		ldr	r0, .L25+8
 597 006c FFF7FEFF 		bl	MFRC522_ReadUid
 598              	.LVL37:
 123:Core/Src/main.c **** 			{
 599              		.loc 1 123 7 discriminator 1 view .LVU159
 600 0070 0028     		cmp	r0, #0
 601 0072 EBD1     		bne	.L23
 125:Core/Src/main.c **** 				USER_LOG("Card Id: %02X %02X %02X %02X\n", uid[0], uid[1], uid[2], uid[3]);
 602              		.loc 1 125 5 is_stmt 1 view .LVU160
 603 0074 9030     		adds	r0, r0, #144
 604 0076 0122     		movs	r2, #1
 605 0078 0121     		movs	r1, #1
 606 007a C005     		lsls	r0, r0, #23
 607 007c FFF7FEFF 		bl	HAL_GPIO_WritePin
 608              	.LVL38:
 126:Core/Src/main.c **** 			}
ARM GAS  /tmp/ccqaVzZI.s 			page 21


 609              		.loc 1 126 5 view .LVU161
 610 0080 0748     		ldr	r0, .L25+12
 611 0082 0178     		ldrb	r1, [r0]
 612 0084 4278     		ldrb	r2, [r0, #1]
 613 0086 8378     		ldrb	r3, [r0, #2]
 614 0088 C478     		ldrb	r4, [r0, #3]
 615 008a 0648     		ldr	r0, .L25+16
 616 008c 0094     		str	r4, [sp]
 617 008e FFF7FEFF 		bl	printf
 618              	.LVL39:
 619 0092 DBE7     		b	.L23
 620              	.L26:
 621              		.align	2
 622              	.L25:
 623 0094 88130000 		.word	5000
 624 0098 00000000 		.word	.LC1
 625 009c 00000000 		.word	rc522
 626 00a0 00000000 		.word	uid
 627 00a4 18000000 		.word	.LC5
 628              		.cfi_endproc
 629              	.LFE44:
 631              		.global	rc522
 632              		.section	.data.rc522,"aw"
 633              		.align	2
 636              	rc522:
 637 0000 00000000 		.word	hspi1
 638 0004 00040048 		.word	1207960576
 639 0008 0200     		.short	2
 640 000a 0000     		.space	2
 641 000c 00000048 		.word	1207959552
 642 0010 1000     		.short	16
 643 0012 0000     		.space	2
 644              		.global	uid
 645              		.section	.bss.uid,"aw",%nobits
 646              		.align	2
 649              	uid:
 650 0000 00000000 		.space	4
 651              		.global	hspi1
 652              		.section	.bss.hspi1,"aw",%nobits
 653              		.align	2
 656              	hspi1:
 657 0000 00000000 		.space	100
 657      00000000 
 657      00000000 
 657      00000000 
 657      00000000 
 658              		.text
 659              	.Letext0:
 660              		.file 3 "/usr/arm-none-eabi/include/machine/_default_types.h"
 661              		.file 4 "/usr/arm-none-eabi/include/sys/_stdint.h"
 662              		.file 5 "Drivers/CMSIS/Device/ST/STM32F0xx/Include/stm32f042x6.h"
 663              		.file 6 "Drivers/STM32F0xx_HAL_Driver/Inc/stm32f0xx_hal_def.h"
 664              		.file 7 "Drivers/STM32F0xx_HAL_Driver/Inc/stm32f0xx_hal_rcc.h"
 665              		.file 8 "Drivers/STM32F0xx_HAL_Driver/Inc/stm32f0xx_hal_rcc_ex.h"
 666              		.file 9 "Drivers/STM32F0xx_HAL_Driver/Inc/stm32f0xx_hal_gpio.h"
 667              		.file 10 "Drivers/STM32F0xx_HAL_Driver/Inc/stm32f0xx_hal_dma.h"
 668              		.file 11 "Drivers/STM32F0xx_HAL_Driver/Inc/stm32f0xx_hal_spi.h"
ARM GAS  /tmp/ccqaVzZI.s 			page 22


 669              		.file 12 "Core/Inc/MFRC522_STM32.h"
 670              		.file 13 "/usr/arm-none-eabi/include/stdio.h"
 671              		.file 14 "Drivers/STM32F0xx_HAL_Driver/Inc/stm32f0xx_hal.h"
 672              		.file 15 "USB_DEVICE/App/usbd_cdc_if.h"
 673              		.file 16 "<built-in>"
 674              		.file 17 "USB_DEVICE/App/usb_device.h"
ARM GAS  /tmp/ccqaVzZI.s 			page 23


DEFINED SYMBOLS
                            *ABS*:00000000 main.c
     /tmp/ccqaVzZI.s:19     .text.MX_GPIO_Init:00000000 $t
     /tmp/ccqaVzZI.s:24     .text.MX_GPIO_Init:00000000 MX_GPIO_Init
     /tmp/ccqaVzZI.s:169    .text.MX_GPIO_Init:00000098 $d
     /tmp/ccqaVzZI.s:175    .text._write:00000000 $t
     /tmp/ccqaVzZI.s:181    .text._write:00000000 _write
     /tmp/ccqaVzZI.s:227    .text.Error_Handler:00000000 $t
     /tmp/ccqaVzZI.s:233    .text.Error_Handler:00000000 Error_Handler
     /tmp/ccqaVzZI.s:265    .text.MX_SPI1_Init:00000000 $t
     /tmp/ccqaVzZI.s:270    .text.MX_SPI1_Init:00000000 MX_SPI1_Init
     /tmp/ccqaVzZI.s:353    .text.MX_SPI1_Init:00000048 $d
     /tmp/ccqaVzZI.s:656    .bss.hspi1:00000000 hspi1
     /tmp/ccqaVzZI.s:359    .text.SystemClock_Config:00000000 $t
     /tmp/ccqaVzZI.s:365    .text.SystemClock_Config:00000000 SystemClock_Config
     /tmp/ccqaVzZI.s:496    .rodata.main.str1.4:00000000 $d
     /tmp/ccqaVzZI.s:503    .text.main:00000000 $t
     /tmp/ccqaVzZI.s:509    .text.main:00000000 main
     /tmp/ccqaVzZI.s:623    .text.main:00000094 $d
     /tmp/ccqaVzZI.s:636    .data.rc522:00000000 rc522
     /tmp/ccqaVzZI.s:649    .bss.uid:00000000 uid
     /tmp/ccqaVzZI.s:633    .data.rc522:00000000 $d
     /tmp/ccqaVzZI.s:646    .bss.uid:00000000 $d
     /tmp/ccqaVzZI.s:653    .bss.hspi1:00000000 $d

UNDEFINED SYMBOLS
memset
HAL_GPIO_WritePin
HAL_GPIO_Init
CDC_Transmit_FS
HAL_SPI_Init
HAL_RCC_OscConfig
HAL_RCC_ClockConfig
HAL_RCCEx_PeriphCLKConfig
HAL_Init
MX_USB_DEVICE_Init
HAL_Delay
puts
MFRC522_Init
waitcardRemoval
waitcardDetect
MFRC522_ReadUid
printf
